Performing C SOURCE FILE Test CMAKE_HAVE_LIBC_PTHREAD failed with the following output:
Change Dir: /home/timothy/Z1fr/build/CMakeFiles/CMakeScratch/TryCompile-pYXLAH

Run Build Command(s):/usr/bin/make -f Makefile cmTC_783fb/fast && /usr/bin/make  -f CMakeFiles/cmTC_783fb.dir/build.make CMakeFiles/cmTC_783fb.dir/build
make[1]: Entering directory '/home/timothy/Z1fr/build/CMakeFiles/CMakeScratch/TryCompile-pYXLAH'
Building C object CMakeFiles/cmTC_783fb.dir/src.c.o
/usr/bin/cc -DCMAKE_HAVE_LIBC_PTHREAD   -o CMakeFiles/cmTC_783fb.dir/src.c.o -c /home/timothy/Z1fr/build/CMakeFiles/CMakeScratch/TryCompile-pYXLAH/src.c
Linking C executable cmTC_783fb
/usr/bin/cmake -E cmake_link_script CMakeFiles/cmTC_783fb.dir/link.txt --verbose=1
/usr/bin/cc -rdynamic CMakeFiles/cmTC_783fb.dir/src.c.o -o cmTC_783fb 
/usr/bin/ld: CMakeFiles/cmTC_783fb.dir/src.c.o: in function `main':
src.c:(.text+0x46): undefined reference to `pthread_create'
/usr/bin/ld: src.c:(.text+0x52): undefined reference to `pthread_detach'
/usr/bin/ld: src.c:(.text+0x5e): undefined reference to `pthread_cancel'
/usr/bin/ld: src.c:(.text+0x6f): undefined reference to `pthread_join'
collect2: error: ld returned 1 exit status
make[1]: *** [CMakeFiles/cmTC_783fb.dir/build.make:99: cmTC_783fb] Error 1
make[1]: Leaving directory '/home/timothy/Z1fr/build/CMakeFiles/CMakeScratch/TryCompile-pYXLAH'
make: *** [Makefile:127: cmTC_783fb/fast] Error 2


Source file was:
#include <pthread.h>

static void* test_func(void* data)
{
  return data;
}

int main(void)
{
  pthread_t thread;
  pthread_create(&thread, NULL, test_func, NULL);
  pthread_detach(thread);
  pthread_cancel(thread);
  pthread_join(thread, NULL);
  pthread_atfork(NULL, NULL, NULL);
  pthread_exit(NULL);

  return 0;
}


Determining if the function pthread_create exists in the pthreads failed with the following output:
Change Dir: /home/timothy/Z1fr/build/CMakeFiles/CMakeScratch/TryCompile-9ZMkNH

Run Build Command(s):/usr/bin/make -f Makefile cmTC_d9b38/fast && /usr/bin/make  -f CMakeFiles/cmTC_d9b38.dir/build.make CMakeFiles/cmTC_d9b38.dir/build
make[1]: Entering directory '/home/timothy/Z1fr/build/CMakeFiles/CMakeScratch/TryCompile-9ZMkNH'
Building C object CMakeFiles/cmTC_d9b38.dir/CheckFunctionExists.c.o
/usr/bin/cc   -DCHECK_FUNCTION_EXISTS=pthread_create -o CMakeFiles/cmTC_d9b38.dir/CheckFunctionExists.c.o -c /home/timothy/Z1fr/build/CMakeFiles/CMakeScratch/TryCompile-9ZMkNH/CheckFunctionExists.c
Linking C executable cmTC_d9b38
/usr/bin/cmake -E cmake_link_script CMakeFiles/cmTC_d9b38.dir/link.txt --verbose=1
/usr/bin/cc  -DCHECK_FUNCTION_EXISTS=pthread_create -rdynamic CMakeFiles/cmTC_d9b38.dir/CheckFunctionExists.c.o -o cmTC_d9b38  -lpthreads 
/usr/bin/ld: cannot find -lpthreads
collect2: error: ld returned 1 exit status
make[1]: *** [CMakeFiles/cmTC_d9b38.dir/build.make:99: cmTC_d9b38] Error 1
make[1]: Leaving directory '/home/timothy/Z1fr/build/CMakeFiles/CMakeScratch/TryCompile-9ZMkNH'
make: *** [Makefile:127: cmTC_d9b38/fast] Error 2



